<?xml version="1.0" encoding="UTF-8"?>
<!-- Generated by org.testng.reporters.JUnitXMLReporter -->
<testsuite hostname="DESKTOP-DCMMFHS" failures="1" tests="3" name="Validating Title in the Page" time="16.731" errors="0" timestamp="11 May 2020 22:45:49 GMT">
  <testcase classname="Academy.ValidateTitle" name="validateAppTitle" time="0.247">
    <failure type="java.lang.AssertionError" message="App Title is missing or wrong. expected [FEATURED COURSES123] but found [FEATURED COURSES]">
      <![CDATA[java.lang.AssertionError: App Title is missing or wrong. expected [FEATURED COURSES123] but found [FEATURED COURSES]
	at Academy.ValidateTitle.validateAppTitle(ValidateTitle.java:40)
	at org.apache.maven.surefire.testng.TestNGExecutor.run(TestNGExecutor.java:283)
	at org.apache.maven.surefire.testng.TestNGXmlTestSuite.execute(TestNGXmlTestSuite.java:75)
	at org.apache.maven.surefire.testng.TestNGProvider.invoke(TestNGProvider.java:120)
	at org.apache.maven.surefire.booter.ForkedBooter.invokeProviderInSameClassLoader(ForkedBooter.java:386)
	at org.apache.maven.surefire.booter.ForkedBooter.runSuitesInProcess(ForkedBooter.java:323)
	at org.apache.maven.surefire.booter.ForkedBooter.main(ForkedBooter.java:143)
... Removed 25 stack frames]]>
    </failure>
  </testcase> <!-- validateAppTitle -->
  <testcase classname="Academy.ValidateTitle" name="validateCoursesLink" time="0.082"/>
  <testcase classname="Academy.ValidateTitle" name="validateHeader" time="0.049"/>
</testsuite> <!-- Validating Title in the Page -->
